13:59:27,345  INFO FileConsumer:45 - FileConsumer:: com.vendertool.consumer.FileConsumer initstarted.
13:59:27,503 DEBUG StandardEnvironment:112 - Initializing new StandardEnvironment
13:59:27,508 DEBUG StandardEnvironment:107 - Adding [systemProperties] PropertySource with lowest search precedence
13:59:27,513 DEBUG StandardEnvironment:107 - Adding [systemEnvironment] PropertySource with lowest search precedence
13:59:27,513 DEBUG StandardEnvironment:116 - Initialized StandardEnvironment with PropertySources [systemProperties,systemEnvironment]
13:59:27,523  INFO ClassPathXmlApplicationContext:510 - Refreshing org.springframework.context.support.ClassPathXmlApplicationContext@424c4ff8: startup date [Wed Oct 23 13:59:27 PDT 2013]; root of context hierarchy
13:59:27,604 DEBUG StandardEnvironment:112 - Initializing new StandardEnvironment
13:59:27,604 DEBUG StandardEnvironment:107 - Adding [systemProperties] PropertySource with lowest search precedence
13:59:27,605 DEBUG StandardEnvironment:107 - Adding [systemEnvironment] PropertySource with lowest search precedence
13:59:27,605 DEBUG StandardEnvironment:116 - Initialized StandardEnvironment with PropertySources [systemProperties,systemEnvironment]
13:59:27,623  INFO XmlBeanDefinitionReader:315 - Loading XML bean definitions from class path resource [consumer-application-context.xml]
13:59:27,644 DEBUG DefaultDocumentLoader:72 - Using JAXP provider [com.sun.org.apache.xerces.internal.jaxp.DocumentBuilderFactoryImpl]
13:59:27,680 DEBUG PluggableSchemaResolver:140 - Loading schema mappings from [META-INF/spring.schemas]
13:59:27,686 DEBUG PluggableSchemaResolver:146 - Loaded schema mappings: {http://www.springframework.org/schema/util/spring-util.xsd=org/springframework/beans/factory/xml/spring-util-3.2.xsd, http://www.springframework.org/schema/jee/spring-jee-3.2.xsd=org/springframework/ejb/config/spring-jee-3.2.xsd, http://www.springframework.org/schema/task/spring-task.xsd=org/springframework/scheduling/config/spring-task-3.2.xsd, http://www.springframework.org/schema/beans/spring-beans-3.1.xsd=org/springframework/beans/factory/xml/spring-beans-3.1.xsd, http://www.springframework.org/schema/security/spring-security-2.0.2.xsd=org/springframework/security/config/spring-security-2.0.2.xsd, http://www.springframework.org/schema/cache/spring-cache.xsd=org/springframework/cache/config/spring-cache-3.2.xsd, http://www.springframework.org/schema/aop/spring-aop-3.0.xsd=org/springframework/aop/config/spring-aop-3.0.xsd, http://www.springframework.org/schema/aop/spring-aop-2.0.xsd=org/springframework/aop/config/spring-aop-2.0.xsd, http://www.springframework.org/schema/task/spring-task-3.1.xsd=org/springframework/scheduling/config/spring-task-3.1.xsd, http://www.springframework.org/schema/tool/spring-tool-2.5.xsd=org/springframework/beans/factory/xml/spring-tool-2.5.xsd, http://www.springframework.org/schema/security/spring-security-3.1.xsd=org/springframework/security/config/spring-security-3.1.xsd, http://www.springframework.org/schema/beans/spring-beans.xsd=org/springframework/beans/factory/xml/spring-beans-3.2.xsd, http://www.springframework.org/schema/jee/spring-jee-2.5.xsd=org/springframework/ejb/config/spring-jee-2.5.xsd, http://www.springframework.org/schema/tool/spring-tool-3.1.xsd=org/springframework/beans/factory/xml/spring-tool-3.1.xsd, http://www.springframework.org/schema/security/spring-security-3.0.3.xsd=org/springframework/security/config/spring-security-3.0.3.xsd, http://www.springframework.org/schema/aop/spring-aop.xsd=org/springframework/aop/config/spring-aop-3.2.xsd, http://www.springframework.org/schema/jee/spring-jee-3.1.xsd=org/springframework/ejb/config/spring-jee-3.1.xsd, http://www.springframework.org/schema/context/spring-context-3.2.xsd=org/springframework/context/config/spring-context-3.2.xsd, http://www.springframework.org/schema/beans/spring-beans-2.0.xsd=org/springframework/beans/factory/xml/spring-beans-2.0.xsd, http://www.springframework.org/schema/util/spring-util-3.2.xsd=org/springframework/beans/factory/xml/spring-util-3.2.xsd, http://www.springframework.org/schema/lang/spring-lang-3.2.xsd=org/springframework/scripting/config/spring-lang-3.2.xsd, http://www.springframework.org/schema/beans/spring-beans-3.0.xsd=org/springframework/beans/factory/xml/spring-beans-3.0.xsd, http://www.springframework.org/schema/security/spring-security-2.0.1.xsd=org/springframework/security/config/spring-security-2.0.1.xsd, http://www.springframework.org/schema/cache/spring-cache-3.2.xsd=org/springframework/cache/config/spring-cache-3.2.xsd, http://www.springframework.org/schema/task/spring-task-3.0.xsd=org/springframework/scheduling/config/spring-task-3.0.xsd, http://www.springframework.org/schema/security/spring-security-2.0.xsd=org/springframework/security/config/spring-security-2.0.xsd, http://www.springframework.org/schema/security/spring-security-3.0.xsd=org/springframework/security/config/spring-security-3.0.xsd, http://www.springframework.org/schema/tx/spring-tx-2.5.xsd=org/springframework/transaction/config/spring-tx-2.5.xsd, http://www.springframework.org/schema/context/spring-context-2.5.xsd=org/springframework/context/config/spring-context-2.5.xsd, http://www.springframework.org/schema/jdbc/spring-jdbc-3.0.xsd=org/springframework/jdbc/config/spring-jdbc-3.0.xsd, http://www.springframework.org/schema/tool/spring-tool-3.0.xsd=org/springframework/beans/factory/xml/spring-tool-3.0.xsd, http://www.springframework.org/schema/tx/spring-tx.xsd=org/springframework/transaction/config/spring-tx-3.0.xsd, http://www.springframework.org/schema/tool/spring-tool-2.0.xsd=org/springframework/beans/factory/xml/spring-tool-2.0.xsd, http://www.springframework.org/schema/util/spring-util-2.5.xsd=org/springframework/beans/factory/xml/spring-util-2.5.xsd, http://www.springframework.org/schema/lang/spring-lang.xsd=org/springframework/scripting/config/spring-lang-3.2.xsd, http://www.springframework.org/schema/lang/spring-lang-2.5.xsd=org/springframework/scripting/config/spring-lang-2.5.xsd, http://www.springframework.org/schema/security/spring-security-2.0.4.xsd=org/springframework/security/config/spring-security-2.0.4.xsd, http://www.springframework.org/schema/aop/spring-aop-3.2.xsd=org/springframework/aop/config/spring-aop-3.2.xsd, http://www.springframework.org/schema/jee/spring-jee-3.0.xsd=org/springframework/ejb/config/spring-jee-3.0.xsd, http://www.springframework.org/schema/jee/spring-jee-2.0.xsd=org/springframework/ejb/config/spring-jee-2.0.xsd, http://www.springframework.org/schema/context/spring-context-3.1.xsd=org/springframework/context/config/spring-context-3.1.xsd, http://www.springframework.org/schema/util/spring-util-3.1.xsd=org/springframework/beans/factory/xml/spring-util-3.1.xsd, http://www.springframework.org/schema/lang/spring-lang-3.1.xsd=org/springframework/scripting/config/spring-lang-3.1.xsd, http://www.springframework.org/schema/cache/spring-cache-3.1.xsd=org/springframework/cache/config/spring-cache-3.1.xsd, http://www.springframework.org/schema/security/spring-security.xsd=org/springframework/security/config/spring-security-3.1.xsd, http://www.springframework.org/schema/context/spring-context.xsd=org/springframework/context/config/spring-context-3.2.xsd, http://www.springframework.org/schema/jee/spring-jee.xsd=org/springframework/ejb/config/spring-jee-3.2.xsd, http://www.springframework.org/schema/aop/spring-aop-2.5.xsd=org/springframework/aop/config/spring-aop-2.5.xsd, http://www.springframework.org/schema/jdbc/spring-jdbc.xsd=org/springframework/jdbc/config/spring-jdbc-3.0.xsd, http://www.springframework.org/schema/beans/spring-beans-3.2.xsd=org/springframework/beans/factory/xml/spring-beans-3.2.xsd, http://www.springframework.org/schema/tx/spring-tx-2.0.xsd=org/springframework/transaction/config/spring-tx-2.0.xsd, http://www.springframework.org/schema/aop/spring-aop-3.1.xsd=org/springframework/aop/config/spring-aop-3.1.xsd, http://www.springframework.org/schema/task/spring-task-3.2.xsd=org/springframework/scheduling/config/spring-task-3.2.xsd, http://www.springframework.org/schema/tx/spring-tx-3.0.xsd=org/springframework/transaction/config/spring-tx-3.0.xsd, http://www.springframework.org/schema/context/spring-context-3.0.xsd=org/springframework/context/config/spring-context-3.0.xsd, http://www.springframework.org/schema/tool/spring-tool.xsd=org/springframework/beans/factory/xml/spring-tool-3.2.xsd, http://www.springframework.org/schema/util/spring-util-3.0.xsd=org/springframework/beans/factory/xml/spring-util-3.0.xsd, http://www.springframework.org/schema/lang/spring-lang-3.0.xsd=org/springframework/scripting/config/spring-lang-3.0.xsd, http://www.springframework.org/schema/util/spring-util-2.0.xsd=org/springframework/beans/factory/xml/spring-util-2.0.xsd, http://www.springframework.org/schema/lang/spring-lang-2.0.xsd=org/springframework/scripting/config/spring-lang-2.0.xsd, http://www.springframework.org/schema/tool/spring-tool-3.2.xsd=org/springframework/beans/factory/xml/spring-tool-3.2.xsd, http://www.springframework.org/schema/beans/spring-beans-2.5.xsd=org/springframework/beans/factory/xml/spring-beans-2.5.xsd}
13:59:27,689 DEBUG PluggableSchemaResolver:118 - Found XML schema [http://www.springframework.org/schema/beans/spring-beans.xsd] in classpath: org/springframework/beans/factory/xml/spring-beans-3.2.xsd
13:59:27,766 DEBUG DefaultBeanDefinitionDocumentReader:106 - Loading bean definitions
13:59:27,786  INFO XmlBeanDefinitionReader:315 - Loading XML bean definitions from class path resource [security/client-credentials.xml]
13:59:27,789 DEBUG DefaultDocumentLoader:72 - Using JAXP provider [com.sun.org.apache.xerces.internal.jaxp.DocumentBuilderFactoryImpl]
13:59:27,791 DEBUG PluggableSchemaResolver:118 - Found XML schema [http://www.springframework.org/schema/beans/spring-beans.xsd] in classpath: org/springframework/beans/factory/xml/spring-beans-3.2.xsd
13:59:27,826 DEBUG DefaultBeanDefinitionDocumentReader:106 - Loading bean definitions
13:59:27,840 DEBUG XmlBeanDefinitionReader:216 - Loaded 1 bean definitions from location pattern [classpath:security/client-credentials.xml]
13:59:27,840 DEBUG DefaultBeanDefinitionDocumentReader:242 - Imported 1 bean definitions from URL location [classpath:security/client-credentials.xml]
13:59:27,841 DEBUG XmlBeanDefinitionReader:216 - Loaded 2 bean definitions from location pattern [consumer-application-context.xml]
13:59:27,841 DEBUG ClassPathXmlApplicationContext:540 - Bean factory for org.springframework.context.support.ClassPathXmlApplicationContext@424c4ff8: org.springframework.beans.factory.support.DefaultListableBeanFactory@12f1eff: defining beans [webserviceClientCredentials,applicationContextUtils]; root of factory hierarchy
13:59:27,874 DEBUG ClassPathXmlApplicationContext:807 - Unable to locate MessageSource with name 'messageSource': using default [org.springframework.context.support.DelegatingMessageSource@2f0e73ba]
13:59:27,878 DEBUG ClassPathXmlApplicationContext:831 - Unable to locate ApplicationEventMulticaster with name 'applicationEventMulticaster': using default [org.springframework.context.event.SimpleApplicationEventMulticaster@598d406b]
13:59:27,880  INFO DefaultListableBeanFactory:598 - Pre-instantiating singletons in org.springframework.beans.factory.support.DefaultListableBeanFactory@12f1eff: defining beans [webserviceClientCredentials,applicationContextUtils]; root of factory hierarchy
13:59:27,881 DEBUG DefaultListableBeanFactory:215 - Creating shared instance of singleton bean 'webserviceClientCredentials'
13:59:27,881 DEBUG DefaultListableBeanFactory:432 - Creating instance of bean 'webserviceClientCredentials'
13:59:27,905 DEBUG DefaultListableBeanFactory:506 - Eagerly caching bean 'webserviceClientCredentials' to allow for resolving potential circular references
13:59:27,968 DEBUG DefaultListableBeanFactory:460 - Finished creating instance of bean 'webserviceClientCredentials'
13:59:27,969 DEBUG DefaultListableBeanFactory:215 - Creating shared instance of singleton bean 'applicationContextUtils'
13:59:27,969 DEBUG DefaultListableBeanFactory:432 - Creating instance of bean 'applicationContextUtils'
13:59:27,969 DEBUG DefaultListableBeanFactory:506 - Eagerly caching bean 'applicationContextUtils' to allow for resolving potential circular references
13:59:27,970 DEBUG DefaultListableBeanFactory:460 - Finished creating instance of bean 'applicationContextUtils'
13:59:27,971 DEBUG ClassPathXmlApplicationContext:858 - Unable to locate LifecycleProcessor with name 'lifecycleProcessor': using default [org.springframework.context.support.DefaultLifecycleProcessor@6343b54]
13:59:27,972 DEBUG DefaultListableBeanFactory:246 - Returning cached instance of singleton bean 'lifecycleProcessor'
13:59:27,974 DEBUG PropertySourcesPropertyResolver:81 - Searching for key 'spring.liveBeansView.mbeanDomain' in [systemProperties]
13:59:27,975 DEBUG PropertySourcesPropertyResolver:81 - Searching for key 'spring.liveBeansView.mbeanDomain' in [systemEnvironment]
13:59:27,976 DEBUG PropertySourcesPropertyResolver:103 - Could not find key 'spring.liveBeansView.mbeanDomain' in any property source. Returning [null]
19:28:16,247  INFO FileConsumer:45 - FileConsumer:: com.vendertool.consumer.FileConsumer initstarted.
19:28:16,352 DEBUG StandardEnvironment:112 - Initializing new StandardEnvironment
19:28:16,355 DEBUG StandardEnvironment:107 - Adding [systemProperties] PropertySource with lowest search precedence
19:28:16,358 DEBUG StandardEnvironment:107 - Adding [systemEnvironment] PropertySource with lowest search precedence
19:28:16,359 DEBUG StandardEnvironment:116 - Initialized StandardEnvironment with PropertySources [systemProperties,systemEnvironment]
19:28:16,364  INFO ClassPathXmlApplicationContext:510 - Refreshing org.springframework.context.support.ClassPathXmlApplicationContext@1338933d: startup date [Wed Oct 23 19:28:16 PDT 2013]; root of context hierarchy
19:28:16,416 DEBUG StandardEnvironment:112 - Initializing new StandardEnvironment
19:28:16,416 DEBUG StandardEnvironment:107 - Adding [systemProperties] PropertySource with lowest search precedence
19:28:16,416 DEBUG StandardEnvironment:107 - Adding [systemEnvironment] PropertySource with lowest search precedence
19:28:16,416 DEBUG StandardEnvironment:116 - Initialized StandardEnvironment with PropertySources [systemProperties,systemEnvironment]
19:28:16,430  INFO XmlBeanDefinitionReader:315 - Loading XML bean definitions from class path resource [consumer-application-context.xml]
19:28:16,445 DEBUG DefaultDocumentLoader:72 - Using JAXP provider [com.sun.org.apache.xerces.internal.jaxp.DocumentBuilderFactoryImpl]
19:28:16,478 DEBUG PluggableSchemaResolver:140 - Loading schema mappings from [META-INF/spring.schemas]
19:28:16,487 DEBUG PluggableSchemaResolver:146 - Loaded schema mappings: {http://www.springframework.org/schema/util/spring-util.xsd=org/springframework/beans/factory/xml/spring-util-3.2.xsd, http://www.springframework.org/schema/jee/spring-jee-3.2.xsd=org/springframework/ejb/config/spring-jee-3.2.xsd, http://www.springframework.org/schema/task/spring-task.xsd=org/springframework/scheduling/config/spring-task-3.2.xsd, http://www.springframework.org/schema/beans/spring-beans-3.1.xsd=org/springframework/beans/factory/xml/spring-beans-3.1.xsd, http://www.springframework.org/schema/security/spring-security-2.0.2.xsd=org/springframework/security/config/spring-security-2.0.2.xsd, http://www.springframework.org/schema/cache/spring-cache.xsd=org/springframework/cache/config/spring-cache-3.2.xsd, http://www.springframework.org/schema/aop/spring-aop-3.0.xsd=org/springframework/aop/config/spring-aop-3.0.xsd, http://www.springframework.org/schema/aop/spring-aop-2.0.xsd=org/springframework/aop/config/spring-aop-2.0.xsd, http://www.springframework.org/schema/task/spring-task-3.1.xsd=org/springframework/scheduling/config/spring-task-3.1.xsd, http://www.springframework.org/schema/tool/spring-tool-2.5.xsd=org/springframework/beans/factory/xml/spring-tool-2.5.xsd, http://www.springframework.org/schema/security/spring-security-3.1.xsd=org/springframework/security/config/spring-security-3.1.xsd, http://www.springframework.org/schema/beans/spring-beans.xsd=org/springframework/beans/factory/xml/spring-beans-3.2.xsd, http://www.springframework.org/schema/jee/spring-jee-2.5.xsd=org/springframework/ejb/config/spring-jee-2.5.xsd, http://www.springframework.org/schema/tool/spring-tool-3.1.xsd=org/springframework/beans/factory/xml/spring-tool-3.1.xsd, http://www.springframework.org/schema/security/spring-security-3.0.3.xsd=org/springframework/security/config/spring-security-3.0.3.xsd, http://www.springframework.org/schema/aop/spring-aop.xsd=org/springframework/aop/config/spring-aop-3.2.xsd, http://www.springframework.org/schema/jee/spring-jee-3.1.xsd=org/springframework/ejb/config/spring-jee-3.1.xsd, http://www.springframework.org/schema/context/spring-context-3.2.xsd=org/springframework/context/config/spring-context-3.2.xsd, http://www.springframework.org/schema/beans/spring-beans-2.0.xsd=org/springframework/beans/factory/xml/spring-beans-2.0.xsd, http://www.springframework.org/schema/util/spring-util-3.2.xsd=org/springframework/beans/factory/xml/spring-util-3.2.xsd, http://www.springframework.org/schema/lang/spring-lang-3.2.xsd=org/springframework/scripting/config/spring-lang-3.2.xsd, http://www.springframework.org/schema/beans/spring-beans-3.0.xsd=org/springframework/beans/factory/xml/spring-beans-3.0.xsd, http://www.springframework.org/schema/security/spring-security-2.0.1.xsd=org/springframework/security/config/spring-security-2.0.1.xsd, http://www.springframework.org/schema/cache/spring-cache-3.2.xsd=org/springframework/cache/config/spring-cache-3.2.xsd, http://www.springframework.org/schema/task/spring-task-3.0.xsd=org/springframework/scheduling/config/spring-task-3.0.xsd, http://www.springframework.org/schema/security/spring-security-2.0.xsd=org/springframework/security/config/spring-security-2.0.xsd, http://www.springframework.org/schema/security/spring-security-3.0.xsd=org/springframework/security/config/spring-security-3.0.xsd, http://www.springframework.org/schema/tx/spring-tx-2.5.xsd=org/springframework/transaction/config/spring-tx-2.5.xsd, http://www.springframework.org/schema/context/spring-context-2.5.xsd=org/springframework/context/config/spring-context-2.5.xsd, http://www.springframework.org/schema/jdbc/spring-jdbc-3.0.xsd=org/springframework/jdbc/config/spring-jdbc-3.0.xsd, http://www.springframework.org/schema/tool/spring-tool-3.0.xsd=org/springframework/beans/factory/xml/spring-tool-3.0.xsd, http://www.springframework.org/schema/tx/spring-tx.xsd=org/springframework/transaction/config/spring-tx-3.0.xsd, http://www.springframework.org/schema/tool/spring-tool-2.0.xsd=org/springframework/beans/factory/xml/spring-tool-2.0.xsd, http://www.springframework.org/schema/util/spring-util-2.5.xsd=org/springframework/beans/factory/xml/spring-util-2.5.xsd, http://www.springframework.org/schema/lang/spring-lang.xsd=org/springframework/scripting/config/spring-lang-3.2.xsd, http://www.springframework.org/schema/lang/spring-lang-2.5.xsd=org/springframework/scripting/config/spring-lang-2.5.xsd, http://www.springframework.org/schema/security/spring-security-2.0.4.xsd=org/springframework/security/config/spring-security-2.0.4.xsd, http://www.springframework.org/schema/aop/spring-aop-3.2.xsd=org/springframework/aop/config/spring-aop-3.2.xsd, http://www.springframework.org/schema/jee/spring-jee-3.0.xsd=org/springframework/ejb/config/spring-jee-3.0.xsd, http://www.springframework.org/schema/jee/spring-jee-2.0.xsd=org/springframework/ejb/config/spring-jee-2.0.xsd, http://www.springframework.org/schema/context/spring-context-3.1.xsd=org/springframework/context/config/spring-context-3.1.xsd, http://www.springframework.org/schema/util/spring-util-3.1.xsd=org/springframework/beans/factory/xml/spring-util-3.1.xsd, http://www.springframework.org/schema/lang/spring-lang-3.1.xsd=org/springframework/scripting/config/spring-lang-3.1.xsd, http://www.springframework.org/schema/cache/spring-cache-3.1.xsd=org/springframework/cache/config/spring-cache-3.1.xsd, http://www.springframework.org/schema/security/spring-security.xsd=org/springframework/security/config/spring-security-3.1.xsd, http://www.springframework.org/schema/context/spring-context.xsd=org/springframework/context/config/spring-context-3.2.xsd, http://www.springframework.org/schema/jee/spring-jee.xsd=org/springframework/ejb/config/spring-jee-3.2.xsd, http://www.springframework.org/schema/aop/spring-aop-2.5.xsd=org/springframework/aop/config/spring-aop-2.5.xsd, http://www.springframework.org/schema/jdbc/spring-jdbc.xsd=org/springframework/jdbc/config/spring-jdbc-3.0.xsd, http://www.springframework.org/schema/beans/spring-beans-3.2.xsd=org/springframework/beans/factory/xml/spring-beans-3.2.xsd, http://www.springframework.org/schema/tx/spring-tx-2.0.xsd=org/springframework/transaction/config/spring-tx-2.0.xsd, http://www.springframework.org/schema/aop/spring-aop-3.1.xsd=org/springframework/aop/config/spring-aop-3.1.xsd, http://www.springframework.org/schema/task/spring-task-3.2.xsd=org/springframework/scheduling/config/spring-task-3.2.xsd, http://www.springframework.org/schema/tx/spring-tx-3.0.xsd=org/springframework/transaction/config/spring-tx-3.0.xsd, http://www.springframework.org/schema/context/spring-context-3.0.xsd=org/springframework/context/config/spring-context-3.0.xsd, http://www.springframework.org/schema/tool/spring-tool.xsd=org/springframework/beans/factory/xml/spring-tool-3.2.xsd, http://www.springframework.org/schema/util/spring-util-3.0.xsd=org/springframework/beans/factory/xml/spring-util-3.0.xsd, http://www.springframework.org/schema/lang/spring-lang-3.0.xsd=org/springframework/scripting/config/spring-lang-3.0.xsd, http://www.springframework.org/schema/util/spring-util-2.0.xsd=org/springframework/beans/factory/xml/spring-util-2.0.xsd, http://www.springframework.org/schema/lang/spring-lang-2.0.xsd=org/springframework/scripting/config/spring-lang-2.0.xsd, http://www.springframework.org/schema/tool/spring-tool-3.2.xsd=org/springframework/beans/factory/xml/spring-tool-3.2.xsd, http://www.springframework.org/schema/beans/spring-beans-2.5.xsd=org/springframework/beans/factory/xml/spring-beans-2.5.xsd}
19:28:16,490 DEBUG PluggableSchemaResolver:118 - Found XML schema [http://www.springframework.org/schema/beans/spring-beans.xsd] in classpath: org/springframework/beans/factory/xml/spring-beans-3.2.xsd
19:28:16,554 DEBUG DefaultBeanDefinitionDocumentReader:106 - Loading bean definitions
19:28:16,570  INFO XmlBeanDefinitionReader:315 - Loading XML bean definitions from class path resource [security/client-credentials.xml]
19:28:16,575 DEBUG DefaultDocumentLoader:72 - Using JAXP provider [com.sun.org.apache.xerces.internal.jaxp.DocumentBuilderFactoryImpl]
19:28:16,577 DEBUG PluggableSchemaResolver:118 - Found XML schema [http://www.springframework.org/schema/beans/spring-beans.xsd] in classpath: org/springframework/beans/factory/xml/spring-beans-3.2.xsd
19:28:16,608 DEBUG DefaultBeanDefinitionDocumentReader:106 - Loading bean definitions
19:28:16,617 DEBUG XmlBeanDefinitionReader:216 - Loaded 1 bean definitions from location pattern [classpath:security/client-credentials.xml]
19:28:16,617 DEBUG DefaultBeanDefinitionDocumentReader:242 - Imported 1 bean definitions from URL location [classpath:security/client-credentials.xml]
19:28:16,618 DEBUG XmlBeanDefinitionReader:216 - Loaded 2 bean definitions from location pattern [consumer-application-context.xml]
19:28:16,618 DEBUG ClassPathXmlApplicationContext:540 - Bean factory for org.springframework.context.support.ClassPathXmlApplicationContext@1338933d: org.springframework.beans.factory.support.DefaultListableBeanFactory@75013892: defining beans [webserviceClientCredentials,applicationContextUtils]; root of factory hierarchy
19:28:16,639 DEBUG ClassPathXmlApplicationContext:807 - Unable to locate MessageSource with name 'messageSource': using default [org.springframework.context.support.DelegatingMessageSource@2bfd4b0]
19:28:16,642 DEBUG ClassPathXmlApplicationContext:831 - Unable to locate ApplicationEventMulticaster with name 'applicationEventMulticaster': using default [org.springframework.context.event.SimpleApplicationEventMulticaster@5c8b9a98]
19:28:16,644  INFO DefaultListableBeanFactory:598 - Pre-instantiating singletons in org.springframework.beans.factory.support.DefaultListableBeanFactory@75013892: defining beans [webserviceClientCredentials,applicationContextUtils]; root of factory hierarchy
19:28:16,645 DEBUG DefaultListableBeanFactory:215 - Creating shared instance of singleton bean 'webserviceClientCredentials'
19:28:16,646 DEBUG DefaultListableBeanFactory:432 - Creating instance of bean 'webserviceClientCredentials'
19:28:16,663 DEBUG DefaultListableBeanFactory:506 - Eagerly caching bean 'webserviceClientCredentials' to allow for resolving potential circular references
19:28:16,697 DEBUG DefaultListableBeanFactory:460 - Finished creating instance of bean 'webserviceClientCredentials'
19:28:16,697 DEBUG DefaultListableBeanFactory:215 - Creating shared instance of singleton bean 'applicationContextUtils'
19:28:16,697 DEBUG DefaultListableBeanFactory:432 - Creating instance of bean 'applicationContextUtils'
19:28:16,698 DEBUG DefaultListableBeanFactory:506 - Eagerly caching bean 'applicationContextUtils' to allow for resolving potential circular references
19:28:16,698 DEBUG DefaultListableBeanFactory:460 - Finished creating instance of bean 'applicationContextUtils'
19:28:16,699 DEBUG ClassPathXmlApplicationContext:858 - Unable to locate LifecycleProcessor with name 'lifecycleProcessor': using default [org.springframework.context.support.DefaultLifecycleProcessor@1d3e4f82]
19:28:16,700 DEBUG DefaultListableBeanFactory:246 - Returning cached instance of singleton bean 'lifecycleProcessor'
19:28:16,701 DEBUG PropertySourcesPropertyResolver:81 - Searching for key 'spring.liveBeansView.mbeanDomain' in [systemProperties]
19:28:16,702 DEBUG PropertySourcesPropertyResolver:81 - Searching for key 'spring.liveBeansView.mbeanDomain' in [systemEnvironment]
19:28:16,702 DEBUG PropertySourcesPropertyResolver:103 - Could not find key 'spring.liveBeansView.mbeanDomain' in any property source. Returning [null]
19:32:27,351 DEBUG FileConsumer:172 - FileConsumer:: New message to process
19:32:27,352 DEBUG FileConsumer:180 - FileConsumer:: Message has data
19:32:27,352  INFO FileConsumer:183 - FileConsumer:: Process message: jobId=440
19:32:27,371  INFO RestServiceClientHelper:51 - Service Invocation: 
	POST: http://localhost:8080/services/fps/processJob
	 Payload: 
	com.vendertool.sharedtypes.rnr.fps.ProcessJobRequest@3d2860f2
19:32:27,497 DEBUG DefaultListableBeanFactory:246 - Returning cached instance of singleton bean 'webserviceClientCredentials'
19:40:46,856 DEBUG FileConsumer:172 - FileConsumer:: New message to process
19:40:46,857 DEBUG FileConsumer:180 - FileConsumer:: Message has data
19:40:46,857  INFO FileConsumer:183 - FileConsumer:: Process message: jobId=441
19:40:46,857  INFO RestServiceClientHelper:51 - Service Invocation: 
	POST: http://localhost:8080/services/fps/processJob
	 Payload: 
	com.vendertool.sharedtypes.rnr.fps.ProcessJobRequest@64d6f6fd
19:41:09,161 DEBUG FileConsumer:172 - FileConsumer:: New message to process
19:41:09,162 DEBUG FileConsumer:180 - FileConsumer:: Message has data
19:41:09,162  INFO FileConsumer:183 - FileConsumer:: Process message: taskId=467
19:41:09,163  INFO RestServiceClientHelper:51 - Service Invocation: 
	POST: http://localhost:8080/services/fps/processTask
	 Payload: 
	com.vendertool.sharedtypes.rnr.fps.ProcessTaskRequest@66aac993
19:41:09,474 DEBUG FileConsumer:172 - FileConsumer:: New message to process
19:41:09,474 DEBUG FileConsumer:180 - FileConsumer:: Message has data
19:41:09,475  INFO FileConsumer:183 - FileConsumer:: Process message: taskId=468
19:41:09,475  INFO RestServiceClientHelper:51 - Service Invocation: 
	POST: http://localhost:8080/services/fps/processTask
	 Payload: 
	com.vendertool.sharedtypes.rnr.fps.ProcessTaskRequest@7a69c3fb
19:41:09,704 DEBUG FileConsumer:172 - FileConsumer:: New message to process
19:41:09,705 DEBUG FileConsumer:180 - FileConsumer:: Message has data
19:41:09,705  INFO FileConsumer:183 - FileConsumer:: Process message: taskId=469
19:41:09,705  INFO RestServiceClientHelper:51 - Service Invocation: 
	POST: http://localhost:8080/services/fps/processTask
	 Payload: 
	com.vendertool.sharedtypes.rnr.fps.ProcessTaskRequest@7ff87b38
19:41:09,924 DEBUG FileConsumer:172 - FileConsumer:: New message to process
19:41:09,925 DEBUG FileConsumer:180 - FileConsumer:: Message has data
19:41:09,925  INFO FileConsumer:183 - FileConsumer:: Process message: taskId=470
19:41:09,925  INFO RestServiceClientHelper:51 - Service Invocation: 
	POST: http://localhost:8080/services/fps/processTask
	 Payload: 
	com.vendertool.sharedtypes.rnr.fps.ProcessTaskRequest@767e557b
19:41:10,209 DEBUG FileConsumer:172 - FileConsumer:: New message to process
19:41:10,210 DEBUG FileConsumer:180 - FileConsumer:: Message has data
19:41:10,210  INFO FileConsumer:183 - FileConsumer:: Process message: taskId=471
19:41:10,210  INFO RestServiceClientHelper:51 - Service Invocation: 
	POST: http://localhost:8080/services/fps/processTask
	 Payload: 
	com.vendertool.sharedtypes.rnr.fps.ProcessTaskRequest@24640285
19:41:10,826 DEBUG FileConsumer:172 - FileConsumer:: New message to process
19:41:10,826 DEBUG FileConsumer:180 - FileConsumer:: Message has data
19:41:10,827  INFO FileConsumer:183 - FileConsumer:: Process message: taskId=472
19:41:10,827  INFO RestServiceClientHelper:51 - Service Invocation: 
	POST: http://localhost:8080/services/fps/processTask
	 Payload: 
	com.vendertool.sharedtypes.rnr.fps.ProcessTaskRequest@140bd470
19:41:11,115 DEBUG FileConsumer:172 - FileConsumer:: New message to process
19:41:11,115 DEBUG FileConsumer:180 - FileConsumer:: Message has data
19:41:11,115  INFO FileConsumer:183 - FileConsumer:: Process message: taskId=473
19:41:11,115  INFO RestServiceClientHelper:51 - Service Invocation: 
	POST: http://localhost:8080/services/fps/processTask
	 Payload: 
	com.vendertool.sharedtypes.rnr.fps.ProcessTaskRequest@2d6ff346
19:41:11,343 DEBUG FileConsumer:172 - FileConsumer:: New message to process
19:41:11,343 DEBUG FileConsumer:180 - FileConsumer:: Message has data
19:41:11,343  INFO FileConsumer:183 - FileConsumer:: Process message: taskId=474
19:41:11,343  INFO RestServiceClientHelper:51 - Service Invocation: 
	POST: http://localhost:8080/services/fps/processTask
	 Payload: 
	com.vendertool.sharedtypes.rnr.fps.ProcessTaskRequest@7014f9e0
19:41:11,574 DEBUG FileConsumer:172 - FileConsumer:: New message to process
19:41:11,574 DEBUG FileConsumer:180 - FileConsumer:: Message has data
19:41:11,575  INFO FileConsumer:183 - FileConsumer:: Process message: taskId=475
19:41:11,576  INFO RestServiceClientHelper:51 - Service Invocation: 
	POST: http://localhost:8080/services/fps/processTask
	 Payload: 
	com.vendertool.sharedtypes.rnr.fps.ProcessTaskRequest@7ebcd540
19:41:11,833 DEBUG FileConsumer:172 - FileConsumer:: New message to process
19:41:11,833 DEBUG FileConsumer:180 - FileConsumer:: Message has data
19:41:11,833  INFO FileConsumer:183 - FileConsumer:: Process message: taskId=476
19:41:11,833  INFO RestServiceClientHelper:51 - Service Invocation: 
	POST: http://localhost:8080/services/fps/processTask
	 Payload: 
	com.vendertool.sharedtypes.rnr.fps.ProcessTaskRequest@12d05a9b
19:41:12,045 DEBUG FileConsumer:172 - FileConsumer:: New message to process
19:41:12,045 DEBUG FileConsumer:180 - FileConsumer:: Message has data
19:41:12,045  INFO FileConsumer:183 - FileConsumer:: Process message: taskId=477
19:41:12,046  INFO RestServiceClientHelper:51 - Service Invocation: 
	POST: http://localhost:8080/services/fps/processTask
	 Payload: 
	com.vendertool.sharedtypes.rnr.fps.ProcessTaskRequest@70fdec7a
19:41:12,254 DEBUG FileConsumer:172 - FileConsumer:: New message to process
19:41:12,254 DEBUG FileConsumer:180 - FileConsumer:: Message has data
19:41:12,254  INFO FileConsumer:183 - FileConsumer:: Process message: taskId=478
19:41:12,254  INFO RestServiceClientHelper:51 - Service Invocation: 
	POST: http://localhost:8080/services/fps/processTask
	 Payload: 
	com.vendertool.sharedtypes.rnr.fps.ProcessTaskRequest@44fd5fe5
19:41:12,476 DEBUG FileConsumer:172 - FileConsumer:: New message to process
19:41:12,477 DEBUG FileConsumer:180 - FileConsumer:: Message has data
19:41:12,477  INFO FileConsumer:183 - FileConsumer:: Process message: taskId=479
19:41:12,478  INFO RestServiceClientHelper:51 - Service Invocation: 
	POST: http://localhost:8080/services/fps/processTask
	 Payload: 
	com.vendertool.sharedtypes.rnr.fps.ProcessTaskRequest@8f28058
19:41:12,727 DEBUG FileConsumer:172 - FileConsumer:: New message to process
19:41:12,728 DEBUG FileConsumer:180 - FileConsumer:: Message has data
19:41:12,728  INFO FileConsumer:183 - FileConsumer:: Process message: taskId=480
19:41:12,729  INFO RestServiceClientHelper:51 - Service Invocation: 
	POST: http://localhost:8080/services/fps/processTask
	 Payload: 
	com.vendertool.sharedtypes.rnr.fps.ProcessTaskRequest@65d287cc
19:46:47,296 DEBUG FileConsumer:172 - FileConsumer:: New message to process
19:46:47,297 DEBUG FileConsumer:180 - FileConsumer:: Message has data
19:46:47,297  INFO FileConsumer:183 - FileConsumer:: Process message: jobId=442
19:46:47,298  INFO RestServiceClientHelper:51 - Service Invocation: 
	POST: http://localhost:8080/services/fps/processJob
	 Payload: 
	com.vendertool.sharedtypes.rnr.fps.ProcessJobRequest@2787a5e9
19:47:08,897 DEBUG FileConsumer:172 - FileConsumer:: New message to process
19:47:08,897 DEBUG FileConsumer:180 - FileConsumer:: Message has data
19:47:08,898  INFO FileConsumer:183 - FileConsumer:: Process message: taskId=481
19:47:08,898  INFO RestServiceClientHelper:51 - Service Invocation: 
	POST: http://localhost:8080/services/fps/processTask
	 Payload: 
	com.vendertool.sharedtypes.rnr.fps.ProcessTaskRequest@4977dacd
19:47:09,165 DEBUG FileConsumer:172 - FileConsumer:: New message to process
19:47:09,165 DEBUG FileConsumer:180 - FileConsumer:: Message has data
19:47:09,166  INFO FileConsumer:183 - FileConsumer:: Process message: taskId=482
19:47:09,166  INFO RestServiceClientHelper:51 - Service Invocation: 
	POST: http://localhost:8080/services/fps/processTask
	 Payload: 
	com.vendertool.sharedtypes.rnr.fps.ProcessTaskRequest@652f58ad
19:47:09,438 DEBUG FileConsumer:172 - FileConsumer:: New message to process
19:47:09,439 DEBUG FileConsumer:180 - FileConsumer:: Message has data
19:47:09,440  INFO FileConsumer:183 - FileConsumer:: Process message: taskId=483
19:47:09,440  INFO RestServiceClientHelper:51 - Service Invocation: 
	POST: http://localhost:8080/services/fps/processTask
	 Payload: 
	com.vendertool.sharedtypes.rnr.fps.ProcessTaskRequest@5809d54d
19:47:09,733 DEBUG FileConsumer:172 - FileConsumer:: New message to process
19:47:09,733 DEBUG FileConsumer:180 - FileConsumer:: Message has data
19:47:09,734  INFO FileConsumer:183 - FileConsumer:: Process message: taskId=484
19:47:09,734  INFO RestServiceClientHelper:51 - Service Invocation: 
	POST: http://localhost:8080/services/fps/processTask
	 Payload: 
	com.vendertool.sharedtypes.rnr.fps.ProcessTaskRequest@3e36ae6d
19:47:10,000 DEBUG FileConsumer:172 - FileConsumer:: New message to process
19:47:10,001 DEBUG FileConsumer:180 - FileConsumer:: Message has data
19:47:10,001  INFO FileConsumer:183 - FileConsumer:: Process message: taskId=485
19:47:10,002  INFO RestServiceClientHelper:51 - Service Invocation: 
	POST: http://localhost:8080/services/fps/processTask
	 Payload: 
	com.vendertool.sharedtypes.rnr.fps.ProcessTaskRequest@721dd817
19:47:10,265 DEBUG FileConsumer:172 - FileConsumer:: New message to process
19:47:10,266 DEBUG FileConsumer:180 - FileConsumer:: Message has data
19:47:10,266  INFO FileConsumer:183 - FileConsumer:: Process message: taskId=486
19:47:10,267  INFO RestServiceClientHelper:51 - Service Invocation: 
	POST: http://localhost:8080/services/fps/processTask
	 Payload: 
	com.vendertool.sharedtypes.rnr.fps.ProcessTaskRequest@293ed714
19:47:10,520 DEBUG FileConsumer:172 - FileConsumer:: New message to process
19:47:10,520 DEBUG FileConsumer:180 - FileConsumer:: Message has data
19:47:10,521  INFO FileConsumer:183 - FileConsumer:: Process message: taskId=487
19:47:10,521  INFO RestServiceClientHelper:51 - Service Invocation: 
	POST: http://localhost:8080/services/fps/processTask
	 Payload: 
	com.vendertool.sharedtypes.rnr.fps.ProcessTaskRequest@64e6bd1e
19:51:09,571 DEBUG FileConsumer:172 - FileConsumer:: New message to process
19:51:09,572 DEBUG FileConsumer:180 - FileConsumer:: Message has data
19:51:09,573  INFO FileConsumer:183 - FileConsumer:: Process message: taskId=488
19:51:09,574  INFO RestServiceClientHelper:51 - Service Invocation: 
	POST: http://localhost:8080/services/fps/processTask
	 Payload: 
	com.vendertool.sharedtypes.rnr.fps.ProcessTaskRequest@7aaa977
19:51:10,593 DEBUG FileConsumer:172 - FileConsumer:: New message to process
19:51:10,594 DEBUG FileConsumer:180 - FileConsumer:: Message has data
19:51:10,594  INFO FileConsumer:183 - FileConsumer:: Process message: taskId=489
19:51:10,595  INFO RestServiceClientHelper:51 - Service Invocation: 
	POST: http://localhost:8080/services/fps/processTask
	 Payload: 
	com.vendertool.sharedtypes.rnr.fps.ProcessTaskRequest@4473f04f
19:51:11,679 DEBUG FileConsumer:172 - FileConsumer:: New message to process
19:51:11,679 DEBUG FileConsumer:180 - FileConsumer:: Message has data
19:51:11,680  INFO FileConsumer:183 - FileConsumer:: Process message: taskId=490
19:51:11,680  INFO RestServiceClientHelper:51 - Service Invocation: 
	POST: http://localhost:8080/services/fps/processTask
	 Payload: 
	com.vendertool.sharedtypes.rnr.fps.ProcessTaskRequest@724523e0
19:51:12,858 DEBUG FileConsumer:172 - FileConsumer:: New message to process
19:51:12,858 DEBUG FileConsumer:180 - FileConsumer:: Message has data
19:51:12,859  INFO FileConsumer:183 - FileConsumer:: Process message: taskId=491
19:51:12,859  INFO RestServiceClientHelper:51 - Service Invocation: 
	POST: http://localhost:8080/services/fps/processTask
	 Payload: 
	com.vendertool.sharedtypes.rnr.fps.ProcessTaskRequest@837d6e5
19:51:14,076 DEBUG FileConsumer:172 - FileConsumer:: New message to process
19:51:14,076 DEBUG FileConsumer:180 - FileConsumer:: Message has data
19:51:14,077  INFO FileConsumer:183 - FileConsumer:: Process message: taskId=492
19:51:14,077  INFO RestServiceClientHelper:51 - Service Invocation: 
	POST: http://localhost:8080/services/fps/processTask
	 Payload: 
	com.vendertool.sharedtypes.rnr.fps.ProcessTaskRequest@79322c02
19:51:15,203 DEBUG FileConsumer:172 - FileConsumer:: New message to process
19:51:15,204 DEBUG FileConsumer:180 - FileConsumer:: Message has data
19:51:15,204  INFO FileConsumer:183 - FileConsumer:: Process message: taskId=493
19:51:15,204  INFO RestServiceClientHelper:51 - Service Invocation: 
	POST: http://localhost:8080/services/fps/processTask
	 Payload: 
	com.vendertool.sharedtypes.rnr.fps.ProcessTaskRequest@636e4063
19:51:16,685 DEBUG FileConsumer:172 - FileConsumer:: New message to process
19:51:16,686 DEBUG FileConsumer:180 - FileConsumer:: Message has data
19:51:16,686  INFO FileConsumer:183 - FileConsumer:: Process message: taskId=494
19:51:16,687  INFO RestServiceClientHelper:51 - Service Invocation: 
	POST: http://localhost:8080/services/fps/processTask
	 Payload: 
	com.vendertool.sharedtypes.rnr.fps.ProcessTaskRequest@38426f80
